ISim log file
Running: E:\ISEProjece\FirDesign\fir_tb_isim_beh.exe -intstyle ise -gui -tclbatch isim.cmd -wdb E:/ISEProjece/FirDesign/fir_tb_isim_beh.wdb 
ISim P.20131013 (signature 0x7708f090)
This is a Full version of ISim.
Time resolution is 1 ps
# onerror resume
# wave add /
# run 5000 ns
Simulator is doing circuit initialization process.
Finished circuit initialization process.
data out (          0)------> :           0 ,
data out (          1)------> :           0 ,
data out (          2)------> :           0 ,
data out (          3)------> :           0 ,
data out (          4)------> :           0 ,
data out (          5)------> :           0 ,
data out (          6)------> :     -249781 ,
data out (          7)------> :     1012150 ,
data out (          8)------> :     5840755 ,
data out (          9)------> :    20747624 ,
data out (         10)------> :    53890635 ,
data out (         11)------> :   114346375 ,
data out (         12)------> :   209673314 ,
data out (         13)------> :   339306784 ,
data out (         14)------> :   494797130 ,
data out (         15)------> :   657147014 ,
data out (         16)------> :   800486271 ,
data out (         17)------> :   898805151 ,
data out (         18)------> :   928946899 ,
data out (         19)------> :   878806721 ,
data out (         20)------> :   746771315 ,
data out (         21)------> :   542375179 ,
data out (         22)------> :   285386772 ,
data out (         23)------> :           0 ,
data out (         24)------> :  -285386772 ,
data out (         25)------> :  -542375179 ,
data out (         26)------> :  -747021096 ,
data out (         27)------> :  -877794571 ,
data out (         28)------> :  -923106144 ,
data out (         29)------> :  -878057527 ,
data out (         30)------> :  -746595636 ,
data out (         31)------> :  -542800639 ,
data out (         32)------> :  -285123816 ,
data out (         33)------> :           0 ,
data out (         34)------> :   285123816 ,
data out (         35)------> :   542800639 ,
data out (         36)------> :   746595636 ,
data out (         37)------> :   878057527 ,
data out (         38)------> :   923106144 ,
data out (         39)------> :   877794571 ,
data out (         40)------> :   747021096 ,
data out (         41)------> :   542375179 ,
data out (         42)------> :   285386772 ,
data out (         43)------> :           0 ,
data out (         44)------> :  -285386772 ,
data out (         45)------> :  -542375179 ,
data out (         46)------> :  -747021096 ,
data out (         47)------> :  -877794571 ,
data out (         48)------> :  -923106144 ,
data out (         49)------> :  -878057527 ,
data out (         50)------> :  -746595636 ,
data out (         51)------> :  -542800639 ,
data out (         52)------> :  -285123816 ,
data out (         53)------> :           0 ,
data out (         54)------> :   285123816 ,
data out (         55)------> :   542800639 ,
data out (         56)------> :   746595636 ,
data out (         57)------> :   878057527 ,
data out (         58)------> :   923106144 ,
data out (         59)------> :   877794571 ,
data out (         60)------> :   747021096 ,
data out (         61)------> :   542375179 ,
data out (         62)------> :   285386772 ,
data out (         63)------> :           0 ,
data out (         64)------> :  -285386772 ,
data out (         65)------> :  -542375179 ,
data out (         66)------> :  -747021096 ,
data out (         67)------> :  -877794571 ,
data out (         68)------> :  -923106144 ,
data out (         69)------> :  -878057527 ,
data out (         70)------> :  -746595636 ,
data out (         71)------> :  -542800639 ,
data out (         72)------> :  -285123816 ,
data out (         73)------> :           0 ,
data out (         74)------> :   285123816 ,
data out (         75)------> :   542800639 ,
data out (         76)------> :   746595636 ,
data out (         77)------> :   878057527 ,
data out (         78)------> :   923106144 ,
data out (         79)------> :   877794571 ,
data out (         80)------> :   747021096 ,
data out (         81)------> :   542375179 ,
data out (         82)------> :   285386772 ,
data out (         83)------> :           0 ,
data out (         84)------> :  -285386772 ,
data out (         85)------> :  -542375179 ,
data out (         86)------> :  -747021096 ,
data out (         87)------> :  -877794571 ,
data out (         88)------> :  -923106144 ,
data out (         89)------> :  -878057527 ,
data out (         90)------> :  -746595636 ,
data out (         91)------> :  -542800639 ,
data out (         92)------> :  -285123816 ,
data out (         93)------> :           0 ,
data out (         94)------> :   285123816 ,
data out (         95)------> :   542800639 ,
data out (         96)------> :   746595636 ,
data out (         97)------> :   878057527 ,
data out (         98)------> :   923106144 ,
data out (         99)------> :   877794571 ,
data out (        100)------> :   747021096 ,
data out (        101)------> :   542375179 ,
data out (        102)------> :   285386772 ,
data out (        103)------> :           0 ,
data out (        104)------> :  -285386772 ,
data out (        105)------> :  -542375179 ,
data out (        106)------> :  -747021096 ,
data out (        107)------> :  -877794571 ,
data out (        108)------> :  -923106144 ,
data out (        109)------> :  -878057527 ,
data out (        110)------> :  -746595636 ,
data out (        111)------> :  -542800639 ,
data out (        112)------> :  -285123816 ,
data out (        113)------> :           0 ,
data out (        114)------> :   285123816 ,
data out (        115)------> :   542800639 ,
data out (        116)------> :   746595636 ,
data out (        117)------> :   878057527 ,
data out (        118)------> :   923106144 ,
data out (        119)------> :   877794571 ,
data out (        120)------> :   747021096 ,
data out (        121)------> :   542375179 ,
data out (        122)------> :   285386772 ,
data out (        123)------> :           0 ,
data out (        124)------> :  -285386772 ,
data out (        125)------> :  -542375179 ,
data out (        126)------> :  -747021096 ,
data out (        127)------> :  -877794571 ,
data out (        128)------> :  -923106144 ,
data out (        129)------> :  -878057527 ,
data out (        130)------> :  -746595636 ,
data out (        131)------> :  -542800639 ,
data out (        132)------> :  -285123816 ,
data out (        133)------> :           0 ,
data out (        134)------> :   285123816 ,
data out (        135)------> :   542800639 ,
data out (        136)------> :   746595636 ,
data out (        137)------> :   878057527 ,
data out (        138)------> :   923106144 ,
data out (        139)------> :   877794571 ,
data out (        140)------> :   747021096 ,
data out (        141)------> :   542375179 ,
data out (        142)------> :   285386772 ,
data out (        143)------> :           0 ,
data out (        144)------> :  -285386772 ,
data out (        145)------> :  -542375179 ,
data out (        146)------> :  -747021096 ,
data out (        147)------> :  -877794571 ,
data out (        148)------> :  -923106144 ,
data out (        149)------> :  -878057527 ,
data out (        150)------> :  -746595636 ,
data out (        151)------> :  -542800639 ,
data out (        152)------> :  -285123816 ,
data out (        153)------> :           0 ,
data out (        154)------> :   285123816 ,
data out (        155)------> :   542800639 ,
data out (        156)------> :   746595636 ,
data out (        157)------> :   878057527 ,
data out (        158)------> :   923106144 ,
data out (        159)------> :   877794571 ,
data out (        160)------> :   747021096 ,
data out (        161)------> :   542375179 ,
data out (        162)------> :   285386772 ,
data out (        163)------> :           0 ,
data out (        164)------> :  -285386772 ,
data out (        165)------> :  -542375179 ,
data out (        166)------> :  -747021096 ,
data out (        167)------> :  -877794571 ,
data out (        168)------> :  -923106144 ,
data out (        169)------> :  -878057527 ,
data out (        170)------> :  -746595636 ,
data out (        171)------> :  -542800639 ,
data out (        172)------> :  -285123816 ,
data out (        173)------> :           0 ,
data out (        174)------> :   285123816 ,
data out (        175)------> :   542800639 ,
data out (        176)------> :   746595636 ,
data out (        177)------> :   878057527 ,
data out (        178)------> :   923106144 ,
data out (        179)------> :   877794571 ,
data out (        180)------> :   747021096 ,
data out (        181)------> :   542375179 ,
data out (        182)------> :   285386772 ,
data out (        183)------> :           0 ,
data out (        184)------> :  -285386772 ,
data out (        185)------> :  -542375179 ,
data out (        186)------> :  -747021096 ,
data out (        187)------> :  -877794571 ,
data out (        188)------> :  -923106144 ,
data out (        189)------> :  -878057527 ,
data out (        190)------> :  -746595636 ,
data out (        191)------> :  -542800639 ,
data out (        192)------> :  -285123816 ,
data out (        193)------> :           0 ,
data out (        194)------> :   285123816 ,
data out (        195)------> :   542800639 ,
data out (        196)------> :   746595636 ,
data out (        197)------> :   878057527 ,
data out (        198)------> :   923106144 ,
data out (        199)------> :   877794571 ,
data out (        200)------> :   747021096 ,
data out (        201)------> :   542375179 ,
data out (        202)------> :   285386772 ,
data out (        203)------> :           0 ,
data out (        204)------> :  -285386772 ,
data out (        205)------> :  -542375179 ,
data out (        206)------> :  -747021096 ,
data out (        207)------> :  -877794571 ,
data out (        208)------> :  -923106144 ,
data out (        209)------> :  -878057527 ,
data out (        210)------> :  -746595636 ,
data out (        211)------> :  -542800639 ,
data out (        212)------> :  -285123816 ,
data out (        213)------> :           0 ,
data out (        214)------> :   285123816 ,
data out (        215)------> :   542800639 ,
data out (        216)------> :   746595636 ,
data out (        217)------> :   878057527 ,
data out (        218)------> :   923106144 ,
data out (        219)------> :   877794571 ,
data out (        220)------> :   747021096 ,
data out (        221)------> :   542375179 ,
data out (        222)------> :   285386772 ,
data out (        223)------> :           0 ,
data out (        224)------> :  -285386772 ,
data out (        225)------> :  -542375179 ,
data out (        226)------> :  -747021096 ,
data out (        227)------> :  -877794571 ,
data out (        228)------> :  -923106144 ,
data out (        229)------> :  -878057527 ,
data out (        230)------> :  -746595636 ,
data out (        231)------> :  -542800639 ,
data out (        232)------> :  -285123816 ,
data out (        233)------> :           0 ,
data out (        234)------> :   285123816 ,
data out (        235)------> :   542800639 ,
data out (        236)------> :   746595636 ,
data out (        237)------> :   878057527 ,
data out (        238)------> :   923106144 ,
data out (        239)------> :   877794571 ,
data out (        240)------> :   747021096 ,
data out (        241)------> :   542375179 ,
data out (        242)------> :   285386772 ,
data out (        243)------> :           0 ,
data out (        244)------> :  -285386772 ,
data out (        245)------> :  -542375179 ,
data out (        246)------> :           x ,
data out (        247)------> :           x ,
data out (        248)------> :           x ,
data out (        249)------> :           x ,
